<?xml version="1.0" encoding="UTF-8"?>
<!-- Generated by org.testng.reporters.JUnitReportReporter -->
<testsuite skipped="0" hostname="MAHESHS" name="RunManager.HybridExecuteTest" tests="1" failures="0" timestamp="29 Mar 2018 08:17:50 GMT" time="548.392" errors="0">
  <testcase name="runManager" time="548.392" classname="RunManager.HybridExecuteTest"/>
</testsuite> <!-- RunManager.HybridExecuteTest -->
