<?xml version="1.0" encoding="UTF-8"?>
<!-- Generated by org.testng.reporters.JUnitReportReporter -->
<testsuite skipped="0" hostname="MAHESHS" name="RunManager.HybridExecuteTest" tests="1" failures="0" timestamp="13 Mar 2018 07:25:55 GMT" time="367.779" errors="0">
  <testcase name="runManager" time="367.779" classname="RunManager.HybridExecuteTest"/>
</testsuite> <!-- RunManager.HybridExecuteTest -->
